<?xml version="1.0" encoding="UTF-8"?>
<!-- Generated by org.testng.reporters.JUnitReportReporter -->
<testsuite hostname="LAPTOP-PFRODMD0" failures="0" tests="3" name="com.au.anz.runner.LoanBorrowingCalculatorRunner" time="242.355" errors="0" timestamp="2022-03-13T21:31:42 IST" skipped="0">
  <testcase classname="com.au.anz.runner.LoanBorrowingCalculatorRunner" name="runScenario" time="73.598"/>
  <system-out/>
  <testcase classname="com.au.anz.runner.LoanBorrowingCalculatorRunner" name="runScenario" time="97.526"/>
  <system-out/>
  <testcase classname="com.au.anz.runner.LoanBorrowingCalculatorRunner" name="runScenario" time="71.231"/>
  <system-out/>
</testsuite> <!-- com.au.anz.runner.LoanBorrowingCalculatorRunner -->
